number,value,datetime_start,datetime_complete,duration,params_bagging_fraction,params_feature_fraction,params_lambda_l1,params_lambda_l2,params_learning_rate,params_min_child_samples,params_num_leaves,user_attrs_best_iteration,user_attrs_train_seconds,system_attrs_fixed_params,system_attrs_tpe:relative_params:0,state
0,0.6227131576747834,2026-10-06 14:21:39.970605,2026-10-06 14:25:29.924958,0 days 00:03:49.954353,1.0,1.0,1e-08,1e-08,0.1,20,31,1475,224.6,"{'num_leaves': 31, 'learning_rate': 0.1, 'min_child_samples': 20, 'feature_fraction': 1.0, 'bagging_fraction': 1.0, 'lambda_l1': 1e-08, 'lambda_l2': 1e-08}",,COMPLETE
1,0.624131628008706,2026-10-06 14:25:29.933925,2026-10-06 14:30:02.421991,0 days 00:04:32.488066,0.5780093202212182,0.7190609389379256,2.5348407664333426e-07,3.3323645788192616e-08,0.17854360608707254,173,44,1377,262.0,,,COMPLETE
2,0.6586314522080194,2026-10-06 14:30:02.431058,2026-10-06 14:38:08.890870,0 days 00:08:06.459812,0.9849549260809971,0.3144091460070617,0.310444354994832,8.148018307012941e-07,0.07982611757123356,157,176,1518,464.1,,,COMPLETE
3,0.623328484004296,2026-10-06 14:38:08.895154,2026-10-06 14:40:15.033152,0 days 00:02:06.137998,0.7159725093210578,0.6673295021425665,4.17890272377219e-06,0.0032112643094417484,0.03050945891610522,32,26,1999,120.9,,,COMPLETE
4,0.6252929809034775,2026-10-06 14:40:15.036749,2026-10-06 14:42:27.335633,0 days 00:02:12.298884,0.8925879806965068,0.6192489889519252,6.267062696005991e-07,0.00042472707398058225,0.039189944117358336,41,23,1999,128.8,,,COMPLETE
5,0.6271460748720381,2026-10-06 14:42:27.340095,2026-10-06 14:45:46.249713,0 days 00:03:18.909618,0.5325257964926398,0.41936688658110405,3.4671276804481113,4.905556676028766,0.022257706349811456,106,82,2000,189.8,,,COMPLETE
6,0.6699596624225469,2026-10-06 14:45:46.252896,2026-10-06 14:50:37.374268,0 days 00:04:51.121372,0.7200762468698007,0.7789631185585097,1.254134495897175e-07,0.00028614897264046574,0.040331443383617174,14,150,2000,279.4,,,COMPLETE
7,0.515244158280504,2026-10-06 14:50:37.380006,2026-10-06 14:50:50.788532,0 days 00:00:13.408526,0.6558555380447055,0.7637655990477873,0.0004793052550782129,0.0008325158565947969,0.16231191351941002,27,17,115,13.0,,,COMPLETE
8,0.624142061892313,2026-10-06 14:50:50.793692,2026-10-06 14:53:44.223156,0 days 00:02:53.429464,0.9474136752138245,0.9576492590949324,0.002404915432737351,1.9809253750493887,0.1864724270356296,205,26,1985,169.2,,,COMPLETE
9,0.6082273179218856,2026-10-06 14:53:44.227788,2026-10-06 14:55:59.791390,0 days 00:02:15.563602,0.6943386448447411,0.527731231534285,2.7678419414850017e-06,0.287499823474079,0.03140601675761342,11,20,1997,131.2,,,COMPLETE
10,0.6724940582566798,2026-10-06 14:55:59.798374,2026-10-06 15:01:48.494867,0 days 00:05:48.696493,0.7490094648275171,0.4734964287126408,8.767664575378312e-05,0.0006127088926673729,0.03787156090857699,18,198,2000,333.2,,"{""bagging_fraction"": 0.7490094648275171, ""feature_fraction"": 0.4734964287126408, ""lambda_l1"": 8.767664575378312e-05, ""lambda_l2"": 0.0006127088926673729, ""learning_rate"": 0.03787156090857699, ""min_child_samples"": 18, ""num_leaves"": 198}",COMPLETE
11,0.6721106009707908,2026-10-06 15:01:48.501391,2026-10-06 15:06:30.719459,0 days 00:04:42.218068,0.6480069202470563,0.6065612188737641,2.0829375121105954e-05,0.0006849414943164798,0.03478960980425801,11,207,1986,271.7,,"{""bagging_fraction"": 0.6480069202470563, ""feature_fraction"": 0.6065612188737641, ""lambda_l1"": 2.0829375121105954e-05, ""lambda_l2"": 0.0006849414943164798, ""learning_rate"": 0.03478960980425801, ""min_child_samples"": 11, ""num_leaves"": 207}",COMPLETE
12,0.6633211150700188,2026-10-06 15:06:30.723803,2026-10-06 15:10:04.622797,0 days 00:03:33.898994,0.6519386929880593,0.39829892680897905,8.759538147816997e-05,3.518366769912796e-05,0.03557882687726504,70,169,1995,204.9,,"{""bagging_fraction"": 0.6519386929880593, ""feature_fraction"": 0.39829892680897905, ""lambda_l1"": 8.759538147816997e-05, ""lambda_l2"": 3.518366769912796e-05, ""learning_rate"": 0.03557882687726504, ""min_child_samples"": 70, ""num_leaves"": 169}",COMPLETE
13,0.6761539761412344,2026-10-06 15:10:04.625941,2026-10-06 15:14:16.119303,0 days 00:04:11.493362,0.7445138454761041,0.5806292889038112,0.050207049501307756,0.0022295687262796136,0.057450456770866486,25,222,1684,243.4,,"{""bagging_fraction"": 0.7445138454761041, ""feature_fraction"": 0.5806292889038112, ""lambda_l1"": 0.050207049501307756, ""lambda_l2"": 0.0022295687262796136, ""learning_rate"": 0.057450456770866486, ""min_child_samples"": 25, ""num_leaves"": 222}",COMPLETE
14,0.6765091034946296,2026-10-06 15:14:16.122542,2026-10-06 15:18:45.122060,0 days 00:04:28.999518,0.8035921370166129,0.5820337511116521,0.008290772641811297,0.0010363200604465428,0.03564202398737919,49,199,1999,259.4,,"{""bagging_fraction"": 0.8035921370166129, ""feature_fraction"": 0.5820337511116521, ""lambda_l1"": 0.008290772641811297, ""lambda_l2"": 0.0010363200604465428, ""learning_rate"": 0.03564202398737919, ""min_child_samples"": 49, ""num_leaves"": 199}",COMPLETE
15,0.6635247993960476,2026-10-06 15:18:45.125344,2026-10-06 15:22:21.793101,0 days 00:03:36.667757,0.8221672489959363,0.6201741631176665,0.1808440707971084,0.018992098012595934,0.028665493721022273,56,143,1998,208.3,,"{""bagging_fraction"": 0.8221672489959363, ""feature_fraction"": 0.6201741631176665, ""lambda_l1"": 0.1808440707971084, ""lambda_l2"": 0.018992098012595934, ""learning_rate"": 0.028665493721022273, ""min_child_samples"": 56, ""num_leaves"": 143}",COMPLETE
16,0.6421031212986519,2026-10-06 15:22:21.796067,2026-10-06 15:24:51.797207,0 days 00:02:30.001140,0.6833931674751141,0.4381468937872137,1.2384092516535552,8.123541053430557e-05,0.045594684940158905,22,102,1503,144.9,,"{""bagging_fraction"": 0.6833931674751141, ""feature_fraction"": 0.4381468937872137, ""lambda_l1"": 1.2384092516535552, ""lambda_l2"": 8.123541053430557e-05, ""learning_rate"": 0.045594684940158905, ""min_child_samples"": 22, ""num_leaves"": 102}",COMPLETE
17,0.6360340576614186,2026-10-06 15:24:51.800684,2026-10-06 15:28:17.895967,0 days 00:03:26.095283,0.7571114615865944,0.42274522902021805,4.588492805253956,0.012338669249543095,0.05115508700084194,60,211,1650,197.8,,"{""bagging_fraction"": 0.7571114615865944, ""feature_fraction"": 0.42274522902021805, ""lambda_l1"": 4.588492805253956, ""lambda_l2"": 0.012338669249543095, ""learning_rate"": 0.05115508700084194, ""min_child_samples"": 60, ""num_leaves"": 211}",COMPLETE
18,0.6572147190507788,2026-10-06 15:28:17.899419,2026-10-06 15:31:13.612169,0 days 00:02:55.712750,0.6816071997149096,0.6245864344073917,0.08027729121010482,0.004094086764376774,0.08734309441496371,52,255,1037,170.8,,"{""bagging_fraction"": 0.6816071997149096, ""feature_fraction"": 0.6245864344073917, ""lambda_l1"": 0.08027729121010482, ""lambda_l2"": 0.004094086764376774, ""learning_rate"": 0.08734309441496371, ""min_child_samples"": 52, ""num_leaves"": 255}",COMPLETE
19,0.6288629428231286,2026-10-06 15:31:13.615796,2026-10-06 15:34:17.876528,0 days 00:03:04.260732,0.7380834527576364,0.6962601730494749,5.693260667999368,4.055315405212827e-05,0.06193849227931227,18,226,1257,178.1,,"{""bagging_fraction"": 0.7380834527576364, ""feature_fraction"": 0.6962601730494749, ""lambda_l1"": 5.693260667999368, ""lambda_l2"": 4.055315405212827e-05, ""learning_rate"": 0.06193849227931227, ""min_child_samples"": 18, ""num_leaves"": 226}",COMPLETE
20,0.6683741176784554,2026-10-06 15:34:17.880332,2026-10-06 15:38:55.851856,0 days 00:04:37.971524,0.8200834519847031,0.5617864957499167,0.0007721817306935746,7.109917672134646e-05,0.028457367037042325,87,176,1998,268.0,,"{""bagging_fraction"": 0.8200834519847031, ""feature_fraction"": 0.5617864957499167, ""lambda_l1"": 0.0007721817306935746, ""lambda_l2"": 7.109917672134646e-05, ""learning_rate"": 0.028457367037042325, ""min_child_samples"": 87, ""num_leaves"": 176}",COMPLETE
21,0.6597585393243524,2026-10-06 15:38:55.854991,2026-10-06 15:42:24.566069,0 days 00:03:28.711078,0.7134739573199586,0.5341290385604127,0.5298743549655586,0.015796644324036612,0.045532052686838506,35,153,1520,202.0,,"{""bagging_fraction"": 0.7134739573199586, ""feature_fraction"": 0.5341290385604127, ""lambda_l1"": 0.5298743549655586, ""lambda_l2"": 0.015796644324036612, ""learning_rate"": 0.045532052686838506, ""min_child_samples"": 35, ""num_leaves"": 153}",COMPLETE
22,0.6533804925113899,2026-10-06 15:42:24.569272,2026-10-06 15:45:25.950166,0 days 00:03:01.380894,0.7750383658642132,0.6637110032539293,0.0058610246692057215,0.003875826053993129,0.03253336104456671,24,93,1998,175.2,,"{""bagging_fraction"": 0.7750383658642132, ""feature_fraction"": 0.6637110032539293, ""lambda_l1"": 0.0058610246692057215, ""lambda_l2"": 0.003875826053993129, ""learning_rate"": 0.03253336104456671, ""min_child_samples"": 24, ""num_leaves"": 93}",COMPLETE
23,0.6718288843023702,2026-10-06 15:45:25.954118,2026-10-06 15:49:29.539163,0 days 00:04:03.585045,0.8491778520275953,0.4092043550283733,0.19443876107374466,0.001677848630518108,0.032755641786884705,33,175,1998,233.5,,"{""bagging_fraction"": 0.8491778520275953, ""feature_fraction"": 0.4092043550283733, ""lambda_l1"": 0.19443876107374466, ""lambda_l2"": 0.001677848630518108, ""learning_rate"": 0.032755641786884705, ""min_child_samples"": 33, ""num_leaves"": 175}",COMPLETE
24,0.6704856989622939,2026-10-06 15:49:29.542439,2026-10-06 15:53:16.760889,0 days 00:03:47.218450,0.9193262211815074,0.6284304691155793,0.005991462416519716,0.0020004019057337104,0.037825567055622275,40,147,1998,219.7,,"{""bagging_fraction"": 0.9193262211815074, ""feature_fraction"": 0.6284304691155793, ""lambda_l1"": 0.005991462416519716, ""lambda_l2"": 0.0020004019057337104, ""learning_rate"": 0.037825567055622275, ""min_child_samples"": 40, ""num_leaves"": 147}",COMPLETE
25,0.6800833086820205,2026-10-06 15:53:16.764699,2026-10-06 15:57:41.746782,0 days 00:04:24.982083,0.8342685609770679,0.6162167580931391,2.6569366914195207e-05,6.184657580278675e-05,0.04895561180300188,20,192,1981,256.2,,"{""bagging_fraction"": 0.8342685609770679, ""feature_fraction"": 0.6162167580931391, ""lambda_l1"": 2.6569366914195207e-05, ""lambda_l2"": 6.184657580278675e-05, ""learning_rate"": 0.04895561180300188, ""min_child_samples"": 20, ""num_leaves"": 192}",COMPLETE
26,0.678163187174218,2026-10-06 15:57:41.750277,2026-10-06 16:02:19.554444,0 days 00:04:37.804167,0.8808643043506389,0.7078799007825078,2.1559126445765078e-05,7.818835851970817e-05,0.04637925500283076,16,187,2000,269.0,,"{""bagging_fraction"": 0.8808643043506389, ""feature_fraction"": 0.7078799007825078, ""lambda_l1"": 2.1559126445765078e-05, ""lambda_l2"": 7.818835851970817e-05, ""learning_rate"": 0.04637925500283076, ""min_child_samples"": 16, ""num_leaves"": 187}",COMPLETE
27,0.6741046881814816,2026-10-06 16:02:19.557598,2026-10-06 16:06:19.535173,0 days 00:03:59.977575,0.956379949320558,0.7618520000436664,0.00012561796024538924,6.5399230576135694e-06,0.05041691759463117,12,134,2000,233.5,,"{""bagging_fraction"": 0.956379949320558, ""feature_fraction"": 0.7618520000436664, ""lambda_l1"": 0.00012561796024538924, ""lambda_l2"": 6.5399230576135694e-06, ""learning_rate"": 0.05041691759463117, ""min_child_samples"": 12, ""num_leaves"": 134}",COMPLETE
28,0.6671071989713504,2026-10-06 16:06:19.538654,2026-10-06 16:10:07.893406,0 days 00:03:48.354752,0.8823135216850962,0.7476451464569391,1.3825003953029548e-05,8.849053942816528e-05,0.046719319461442387,23,114,2000,221.6,,"{""bagging_fraction"": 0.8823135216850962, ""feature_fraction"": 0.7476451464569391, ""lambda_l1"": 1.3825003953029548e-05, ""lambda_l2"": 8.849053942816528e-05, ""learning_rate"": 0.046719319461442387, ""min_child_samples"": 23, ""num_leaves"": 114}",COMPLETE
29,0.6831660655036146,2026-10-06 16:10:07.896551,2026-10-06 16:15:09.223232,0 days 00:05:01.326681,0.9057658156572381,0.625323824218545,1.483363139948714e-05,2.273482632124776e-06,0.04224001840253645,14,216,1994,291.6,,"{""bagging_fraction"": 0.9057658156572381, ""feature_fraction"": 0.625323824218545, ""lambda_l1"": 1.483363139948714e-05, ""lambda_l2"": 2.273482632124776e-06, ""learning_rate"": 0.04224001840253645, ""min_child_samples"": 14, ""num_leaves"": 216}",COMPLETE
30,0.6619827201665321,2026-10-06 16:15:09.226714,2026-10-06 16:18:40.250612,0 days 00:03:31.023898,0.8962784550069265,0.6213557205813266,4.05308253635512e-05,9.993335076664614e-08,0.034101044978450304,18,115,1967,204.1,,"{""bagging_fraction"": 0.8962784550069265, ""feature_fraction"": 0.6213557205813266, ""lambda_l1"": 4.05308253635512e-05, ""lambda_l2"": 9.993335076664614e-08, ""learning_rate"": 0.034101044978450304, ""min_child_samples"": 18, ""num_leaves"": 115}",COMPLETE
31,0.679198250510875,2026-10-06 16:18:40.254040,2026-10-06 16:23:18.367609,0 days 00:04:38.113569,0.8259198133012088,0.6854929376106783,0.0001090216178231641,0.0011336704241915081,0.048131025602856994,14,179,1996,268.5,,"{""bagging_fraction"": 0.8259198133012088, ""feature_fraction"": 0.6854929376106783, ""lambda_l1"": 0.0001090216178231641, ""lambda_l2"": 0.0011336704241915081, ""learning_rate"": 0.048131025602856994, ""min_child_samples"": 14, ""num_leaves"": 179}",COMPLETE
32,0.6834040021334471,2026-10-06 16:23:18.370832,2026-10-06 16:29:02.757886,0 days 00:05:44.387054,0.8485222584332753,0.7368951814307352,1.281961786844638e-05,0.0003697059540172698,0.06428801081119548,13,242,1991,329.4,,"{""bagging_fraction"": 0.8485222584332753, ""feature_fraction"": 0.7368951814307352, ""lambda_l1"": 1.281961786844638e-05, ""lambda_l2"": 0.0003697059540172698, ""learning_rate"": 0.06428801081119548, ""min_child_samples"": 13, ""num_leaves"": 242}",COMPLETE
33,0.6852841265073721,2026-10-06 16:29:02.761344,2026-10-06 16:34:33.402798,0 days 00:05:30.641454,0.9078026312858705,0.5860043229642314,4.8315528532914335e-05,0.0001904802193458269,0.05499637053677219,16,248,1988,319.3,,"{""bagging_fraction"": 0.9078026312858705, ""feature_fraction"": 0.5860043229642314, ""lambda_l1"": 4.8315528532914335e-05, ""lambda_l2"": 0.0001904802193458269, ""learning_rate"": 0.05499637053677219, ""min_child_samples"": 16, ""num_leaves"": 248}",COMPLETE
34,0.6747506008419488,2026-10-06 16:34:33.406129,2026-10-06 16:38:55.633860,0 days 00:04:22.227731,0.938956041982147,0.6142005477193963,4.3924688604948716e-07,1.5082488763499162e-06,0.040062713375876205,17,182,1999,254.0,,"{""bagging_fraction"": 0.938956041982147, ""feature_fraction"": 0.6142005477193963, ""lambda_l1"": 4.3924688604948716e-07, ""lambda_l2"": 1.5082488763499162e-06, ""learning_rate"": 0.040062713375876205, ""min_child_samples"": 17, ""num_leaves"": 182}",COMPLETE
35,0.6809451991915563,2026-10-06 16:38:55.637043,2026-10-06 16:44:06.737931,0 days 00:05:11.100888,0.871756446556345,0.7296232450903739,1.5058824481433492e-06,1.0227469597543044e-06,0.04018255537284531,13,215,2000,301.1,,"{""bagging_fraction"": 0.871756446556345, ""feature_fraction"": 0.7296232450903739, ""lambda_l1"": 1.5058824481433492e-06, ""lambda_l2"": 1.0227469597543044e-06, ""learning_rate"": 0.04018255537284531, ""min_child_samples"": 13, ""num_leaves"": 215}",COMPLETE
36,0.6753405977036974,2026-10-06 16:44:06.741038,2026-10-06 16:48:24.350529,0 days 00:04:17.609491,0.8241811922472827,0.7095940177697959,1.8116327251065883e-06,2.673843694238515e-06,0.042664865029602754,14,166,2000,249.5,,"{""bagging_fraction"": 0.8241811922472827, ""feature_fraction"": 0.7095940177697959, ""lambda_l1"": 1.8116327251065883e-06, ""lambda_l2"": 2.673843694238515e-06, ""learning_rate"": 0.042664865029602754, ""min_child_samples"": 14, ""num_leaves"": 166}",COMPLETE
37,0.6755517813968341,2026-10-06 16:48:24.354008,2026-10-06 16:52:42.084876,0 days 00:04:17.730868,0.9735313838584044,0.729485241590871,1.063261849464741e-06,1.0301514686405e-07,0.03999111249126997,13,178,1994,250.0,,"{""bagging_fraction"": 0.9735313838584044, ""feature_fraction"": 0.729485241590871, ""lambda_l1"": 1.063261849464741e-06, ""lambda_l2"": 1.0301514686405e-07, ""learning_rate"": 0.03999111249126997, ""min_child_samples"": 13, ""num_leaves"": 178}",COMPLETE
38,0.6834940673122746,2026-10-06 16:52:42.093340,2026-10-06 16:58:07.072736,0 days 00:05:24.979396,0.8283261398238746,0.7809399655942794,7.052659069215103e-07,2.708827401573975e-05,0.0340860635545073,16,245,1998,313.8,,"{""bagging_fraction"": 0.8283261398238746, ""feature_fraction"": 0.7809399655942794, ""lambda_l1"": 7.052659069215103e-07, ""lambda_l2"": 2.708827401573975e-05, ""learning_rate"": 0.0340860635545073, ""min_child_samples"": 16, ""num_leaves"": 245}",COMPLETE
39,0.6810080044155006,2026-10-06 16:58:07.076149,2026-10-06 17:03:19.935090,0 days 00:05:12.858941,0.9318794122104561,0.7077890339488638,0.00013650514814856192,4.862227743244363e-07,0.03557249879969127,11,255,1994,303.3,,"{""bagging_fraction"": 0.9318794122104561, ""feature_fraction"": 0.7077890339488638, ""lambda_l1"": 0.00013650514814856192, ""lambda_l2"": 4.862227743244363e-07, ""learning_rate"": 0.03557249879969127, ""min_child_samples"": 11, ""num_leaves"": 255}",COMPLETE
